<?xml version="1.0" encoding="UTF-8"?>
<!-- Generated by org.testng.reporters.JUnitReportReporter -->
<testsuite skipped="0" hostname="MININT-UM25UFB" name="com.dollardays.testcases.addtocartTest" tests="5" failures="0" timestamp="2020-09-21T20:00:40 EDT" time="196.652" errors="0">
  <testcase name="TC_08_addtocartvalidate" time="45.085" classname="com.dollardays.testcases.addtocartTest"/>
  <system-out/>
  <testcase name="TC_06_addtocartvalidate" time="29.464" classname="com.dollardays.testcases.addtocartTest"/>
  <system-out/>
  <testcase name="TC_10_addtocartvalidate_clickonimage" time="38.646" classname="com.dollardays.testcases.addtocartTest"/>
  <system-out/>
  <testcase name="TC_07_addtocartvalidate" time="43.604" classname="com.dollardays.testcases.addtocartTest"/>
  <system-out/>
  <testcase name="TC_09_addtocartvalidate_shopallbtn_clickonimage" time="39.853" classname="com.dollardays.testcases.addtocartTest"/>
  <system-out/>
</testsuite> <!-- com.dollardays.testcases.addtocartTest -->
