<?xml version="1.0" encoding="UTF-8"?>
<!-- Generated by org.testng.reporters.JUnitReportReporter -->
<testsuite skipped="0" hostname="MININT-UM25UFB" name="com.dollardays.testcases.LoginTestcase" tests="2" failures="0" timestamp="2020-09-11T17:37:23 EDT" time="35.610" errors="0">
  <testcase name="invokeLogin" time="21.424" classname="com.dollardays.testcases.LoginTestcase"/>
  <system-out/>
  <testcase name="invokeLogin1" time="14.186" classname="com.dollardays.testcases.LoginTestcase"/>
  <system-out/>
</testsuite> <!-- com.dollardays.testcases.LoginTestcase -->
