<?xml version="1.0" encoding="UTF-8"?>
<!-- Generated by org.testng.reporters.JUnitReportReporter -->
<testsuite skipped="0" hostname="MININT-UM25UFB" name="com.dollardays.testcases.AddToCartTest2" tests="1" failures="0" timestamp="2020-09-21T19:22:17 EDT" time="36.486" errors="0">
  <testcase name="TC_11_Validate_addtocart_by_clicking_on_buy_nowbutton_from_adv_banner_without_login" time="36.486" classname="com.dollardays.testcases.AddToCartTest2"/>
  <system-out/>
</testsuite> <!-- com.dollardays.testcases.AddToCartTest2 -->
